[2024-04-14 22:43:15]	SSL_ERROR	PID 16929	There is still unprocessed data available at the TLS/SSL connection. Continue reading...: Resource temporarily unavailable
[2024-04-14 22:43:16]	SSL_ERROR	PID 16929	There is still unprocessed data available at the TLS/SSL connection. Continue reading...: Resource temporarily unavailable
[2024-04-14 22:43:17]	SSL_ERROR	PID 16929	There is still unprocessed data available at the TLS/SSL connection. Continue reading...: Resource temporarily unavailable
[2024-04-14 22:43:18]	SSL_ERROR	PID 16929	There is still unprocessed data available at the TLS/SSL connection. Continue reading...: Resource temporarily unavailable
[2024-04-14 22:43:19]	SSL_ERROR	PID 16929	There is still unprocessed data available at the TLS/SSL connection. Continue reading...: Resource temporarily unavailable
[2024-04-14 22:43:20]	SSL_ERROR	PID 16929	There is still unprocessed data available at the TLS/SSL connection. Continue reading...: Resource temporarily unavailable
[2024-04-14 22:43:21]	SSL_ERROR	PID 16929	There is still unprocessed data available at the TLS/SSL connection. Continue reading...: Resource temporarily unavailable
[2024-04-14 22:43:22]	SSL_ERROR	PID 16929	There is still unprocessed data available at the TLS/SSL connection. Continue reading...: Resource temporarily unavailable
[2024-04-14 22:43:23]	SSL_ERROR	PID 16929	There is still unprocessed data available at the TLS/SSL connection. Continue reading...: Resource temporarily unavailable
[2024-04-14 22:43:24]	SSL_ERROR	PID 16929	There is still unprocessed data available at the TLS/SSL connection. Continue reading...: Resource temporarily unavailable
[2024-04-14 22:43:25]	SSL_ERROR	PID 16929	There is still unprocessed data available at the TLS/SSL connection. Continue reading...: Resource temporarily unavailable
[2024-04-14 22:43:26]	SSL_ERROR	PID 16929	There is still unprocessed data available at the TLS/SSL connection. Continue reading...: Resource temporarily unavailable
[2024-04-14 22:43:27]	SSL_ERROR	PID 16929	There is still unprocessed data available at the TLS/SSL connection. Continue reading...: Resource temporarily unavailable
[2024-04-14 22:43:28]	SSL_ERROR	PID 16929	There is still unprocessed data available at the TLS/SSL connection. Continue reading...: Resource temporarily unavailable
[2024-04-14 22:43:29]	SSL_ERROR	PID 16929	There is still unprocessed data available at the TLS/SSL connection. Continue reading...: Resource temporarily unavailable
[2024-04-14 22:43:30]	SSL_ERROR	PID 16929	There is still unprocessed data available at the TLS/SSL connection. Continue reading...: Resource temporarily unavailable
[2024-04-14 22:43:31]	SSL_ERROR	PID 16929	There is still unprocessed data available at the TLS/SSL connection. Continue reading...: Resource temporarily unavailable
[2024-04-14 22:45:37]	SSL_ERROR	PID 17084	There is still unprocessed data available at the TLS/SSL connection. Continue reading...: Resource temporarily unavailable
[2024-04-14 22:45:38]	SSL_ERROR	PID 17084	There is still unprocessed data available at the TLS/SSL connection. Continue reading...: Resource temporarily unavailable
[2024-04-14 22:45:39]	SSL_ERROR	PID 17084	There is still unprocessed data available at the TLS/SSL connection. Continue reading...: Resource temporarily unavailable
[2024-04-14 22:45:40]	SSL_ERROR	PID 17084	There is still unprocessed data available at the TLS/SSL connection. Continue reading...: Resource temporarily unavailable
[2024-04-14 22:45:41]	SSL_ERROR	PID 17084	There is still unprocessed data available at the TLS/SSL connection. Continue reading...: Resource temporarily unavailable
[2024-04-14 22:45:42]	SSL_ERROR	PID 17084	There is still unprocessed data available at the TLS/SSL connection. Continue reading...: Resource temporarily unavailable
[2024-04-14 22:45:43]	SSL_ERROR	PID 17084	There is still unprocessed data available at the TLS/SSL connection. Continue reading...: Resource temporarily unavailable
[2024-04-14 22:45:44]	SSL_ERROR	PID 17084	There is still unprocessed data available at the TLS/SSL connection. Continue reading...: Resource temporarily unavailable
[2024-04-14 22:45:45]	SSL_ERROR	PID 17084	There is still unprocessed data available at the TLS/SSL connection. Continue reading...: Resource temporarily unavailable
[2024-04-14 22:45:46]	SSL_ERROR	PID 17084	There is still unprocessed data available at the TLS/SSL connection. Continue reading...: Resource temporarily unavailable
[2024-04-14 22:45:47]	SSL_ERROR	PID 17084	There is still unprocessed data available at the TLS/SSL connection. Continue reading...: Resource temporarily unavailable
[2024-04-14 22:45:48]	SSL_ERROR	PID 17084	There is still unprocessed data available at the TLS/SSL connection. Continue reading...: Resource temporarily unavailable
[2024-04-14 22:45:48]	INFO		PID 17084	Login request successfully sent
[2024-04-14 22:45:49]	SSL_ERROR	PID 17084	There is still unprocessed data available at the TLS/SSL connection. Continue reading...: Resource temporarily unavailable
[2024-04-14 22:45:49]	INFO		PID 17084	RESPONSE:
User data:
id: 1
username: inessa
password: PaSsWoRd
icon_id: 1

[2024-04-14 22:45:50]	SSL_ERROR	PID 17084	There is still unprocessed data available at the TLS/SSL connection. Continue reading...: Resource temporarily unavailable
[2024-04-14 22:45:51]	SSL_ERROR	PID 17084	There is still unprocessed data available at the TLS/SSL connection. Continue reading...: Resource temporarily unavailable
[2024-04-14 22:45:52]	SSL_ERROR	PID 17084	There is still unprocessed data available at the TLS/SSL connection. Continue reading...: Resource temporarily unavailable
[2024-04-14 22:45:53]	SSL_ERROR	PID 17084	There is still unprocessed data available at the TLS/SSL connection. Continue reading...: Resource temporarily unavailable
[2024-04-14 22:45:54]	SSL_ERROR	PID 17084	There is still unprocessed data available at the TLS/SSL connection. Continue reading...: Resource temporarily unavailable
[2024-04-14 22:45:55]	SSL_ERROR	PID 17084	There is still unprocessed data available at the TLS/SSL connection. Continue reading...: Resource temporarily unavailable
[2024-04-14 22:45:56]	SSL_ERROR	PID 17084	There is still unprocessed data available at the TLS/SSL connection. Continue reading...: Resource temporarily unavailable
[2024-04-14 22:45:57]	SSL_ERROR	PID 17084	There is still unprocessed data available at the TLS/SSL connection. Continue reading...: Resource temporarily unavailable
