[2024-03-15 16:43:20]	PID 5316	Couldn't bind socket: Address already in use
[2024-03-15 16:44:34]	PID 5350	Couldn't bind socket: Address already in use
[2024-03-15 16:44:35]	PID 5360	Couldn't bind socket: Address already in use
[2024-03-15 16:44:36]	PID 5370	Couldn't bind socket: Address already in use
[2024-03-15 16:44:37]	PID 5380	Couldn't bind socket: Address already in use
[2024-03-15 16:44:37]	PID 5390	Couldn't bind socket: Address already in use
[2024-03-15 16:44:40]	PID 5402	Couldn't bind socket: Address already in use
[2024-03-26 18:11:17]	PID 78436	Couldn't bind socket: Address already in use

[2024-03-26 18:24:33]	PID 78735	Unable to create SSL context: : Invalid argument
C0FAE40102000000:error:0A0000C4:SSL routines:SSL_CTX_new_ex:null ssl method passed:ssl/ssl_lib.c:3860:
[2024-03-26 18:25:20]	PID 78753	Unable to create SSL context: Invalid argument
C0FAE40102000000:error:0A0000C4:SSL routines:SSL_CTX_new_ex:null ssl method passed:ssl/ssl_lib.c:3860:
[2024-03-26 18:27:21]	PID 78794	Unable to create SSL context: Invalid argument
C0FAE40102000000:error:0A0000C4:SSL routines:SSL_CTX_new_ex:null ssl method passed:ssl/ssl_lib.c:3860:
[2024-03-26 18:30:55]	PID 78848	Unable to create SSL context: Invalid argument
C0FAE40102000000:error:0A0000C4:SSL routines:SSL_CTX_new_ex:null ssl method passed:ssl/ssl_lib.c:3860:
[2024-04-08 16:07:40]	PID 89708	Failed to read data from the TLS/SSL connection to buffer: Connection reset by peer
[2024-04-08 16:10:00]	PID 90196	Failed to read data from the TLS/SSL connection to buffer: Connection reset by peer
[2024-04-08 17:22:20]	PID 91776	Deamon started with pid 91778
: Undefined error: 0
[2024-04-08 17:24:01]	PID 91820	Deamon started with pid 91821: Undefined error: 0
[2024-04-08 17:24:01]	PID 91821	Couldn't bind socket: Address already in use
[2024-04-08 17:24:37]	PID 91875	Deamon started with pid 91876: Undefined error: 0
[2024-04-08 17:25:19]	PID 91876	Failed to read data from the TLS/SSL connection to buffer: Connection reset by peer
[2024-04-08 18:51:47]	PID 98628	Deamon started with pid 98630: Undefined error: 0
[2024-04-08 18:52:59]	PID 98684	Deamon started with pid 98688: Undefined error: 0
[2024-04-08 18:53:43]	PID 98711	Deamon started with pid 98712: Undefined error: 0
[2024-04-08 18:54:44]	PID 98712	Failed to read data from the TLS/SSL connection to buffer: Connection reset by peer
[2024-04-08 21:21:25]	PID 1201	Deamon started with pid 1204: Undefined error: 0
[2024-04-08 22:14:16]	PID 1204	Failed to read data from the TLS/SSL connection to buffer: Connection reset by peer
[2024-04-08 22:15:47]	PID 2231	Deamon started with pid 2232: Undefined error: 0
[2024-04-08 22:15:57]	PID 2232	Failed to read data from the TLS/SSL connection to buffer: Connection reset by peer
[2024-04-08 22:20:54]	PID 2350	Deamon started with pid 2351: Undefined error: 0
[2024-04-08 22:21:03]	PID 2351	Failed to read data from the TLS/SSL connection to buffer: Connection reset by peer
[2024-04-08 22:21:37]	PID 2393	Deamon started with pid 2394: Undefined error: 0
[2024-04-08 22:21:41]	PID 2394	Failed to read data from the TLS/SSL connection to buffer: Connection reset by peer
[2024-04-08 22:23:05]	PID 2458	Deamon started with pid 2459: Undefined error: 0
[2024-04-08 22:23:08]	PID 2459	Failed to read data from the TLS/SSL connection to buffer: Connection reset by peer
[2024-04-08 22:29:21]	PID 2704	Deamon started with pid 2705: Undefined error: 0
[2024-04-08 22:29:25]	PID 2705	Failed to read data from the TLS/SSL connection to buffer: Connection reset by peer
[2024-04-08 22:31:37]	PID 2751	Deamon started with pid 2752: Undefined error: 0
[2024-04-08 22:31:39]	PID 2752	Failed to read data from the TLS/SSL connection to buffer: Connection reset by peer
[2024-04-08 22:32:12]	PID 2798	Deamon started with pid 2799: Undefined error: 0
[2024-04-08 22:32:16]	PID 2799	Failed to read data from the TLS/SSL connection to buffer: Connection reset by peer
[2024-04-08 22:33:43]	PID 2836	Deamon started with pid 2837: Undefined error: 0
[2024-04-08 22:33:46]	PID 2837	Failed to read data from the TLS/SSL connection to buffer: Connection reset by peer
[2024-04-08 23:10:53]	PID 3642	Deamon started with pid 3644: Undefined error: 0
[2024-04-08 23:11:05]	PID 3644	Failed to read data from the TLS/SSL connection to buffer: Connection reset by peer
[2024-04-08 23:15:09]	PID 3745	Deamon started with pid 3746: Undefined error: 0
[2024-04-08 23:15:13]	PID 3746	Failed to read data from the TLS/SSL connection to buffer: Connection reset by peer
[2024-04-08 23:24:43]	PID 3979	Deamon started with pid 3980: Undefined error: 0
[2024-04-08 23:24:46]	PID 3980	Failed to read data from the TLS/SSL connection to buffer: Connection reset by peer
[2024-04-08 23:32:50]	PID 4089	Deamon started with pid 4090: Undefined error: 0
[2024-04-08 23:32:57]	PID 4090	Failed to read data from the TLS/SSL connection to buffer: Connection reset by peer
[2024-04-08 23:36:36]	PID 4162	Deamon started with pid 4163: Undefined error: 0
[2024-04-08 23:36:40]	PID 4163	Failed to read data from the TLS/SSL connection to buffer: Connection reset by peer
[2024-04-08 23:39:58]	PID 4244	Deamon started with pid 4245: Undefined error: 0
[2024-04-08 23:43:28]	PID 4245	Failed to read data from the TLS/SSL connection to buffer: Undefined error: 0
00F01C6F01000000:error:0A000126:SSL routines::unexpected eof while reading:ssl/record/rec_layer_s3.c:650:
uchat_server(4245,0x16f1cf000) malloc: *** error for object 0x1232040d0: pointer being freed was not allocated
uchat_server(4245,0x16f1cf000) malloc: *** set a breakpoint in malloc_error_break to debug
[2024-04-08 23:43:28]	PID 4245	Failed to read data from the TLS/SSL connection to buffer: Undefined error: 0
[2024-04-08 23:43:34]	PID 4345	Deamon started with pid 4346: Undefined error: 0
[2024-04-08 23:47:09]	PID 4346	Failed to read data from the TLS/SSL connection to buffer: Undefined error: 0
00702C6B01000000:error:0A000126:SSL routines::unexpected eof while reading:ssl/record/rec_layer_s3.c:650:
uchat_server(4346,0x16b2c7000) malloc: *** error for object 0x159a040d0: pointer being freed was not allocated
uchat_server(4346,0x16b2c7000) malloc: *** set a breakpoint in malloc_error_break to debug
[2024-04-08 23:47:09]	PID 4346	Failed to read data from the TLS/SSL connection to buffer: Undefined error: 0
[2024-04-08 23:47:19]	PID 4415	Deamon started with pid 4416: Undefined error: 0
[2024-04-08 23:48:10]	PID 4416	Failed to read data from the TLS/SSL connection to buffer: Undefined error: 0
00B0F36A01000000:error:0A000126:SSL routines::unexpected eof while reading:ssl/record/rec_layer_s3.c:650:
uchat_server(4416,0x16af3b000) malloc: *** error for object 0x1244040a0: pointer being freed was not allocated
uchat_server(4416,0x16af3b000) malloc: *** set a breakpoint in malloc_error_break to debug
[2024-04-08 23:48:10]	PID 4416	Failed to read data from the TLS/SSL connection to buffer: Undefined error: 0
[2024-04-08 23:48:13]	PID 4454	Deamon started with pid 4455: Undefined error: 0
[2024-04-08 23:48:50]	PID 4455	Failed to read data from the TLS/SSL connection to buffer: Undefined error: 0
00F0A86D01000000:error:0A000126:SSL routines::unexpected eof while reading:ssl/record/rec_layer_s3.c:650:
uchat_server(4455,0x16da8f000) malloc: *** error for object 0x1501040a0: pointer being freed was not allocated
uchat_server(4455,0x16da8f000) malloc: *** set a breakpoint in malloc_error_break to debug
[2024-04-08 23:48:50]	PID 4455	Failed to read data from the TLS/SSL connection to buffer: Undefined error: 0
[2024-04-08 23:48:55]	PID 4491	Deamon started with pid 4492: Undefined error: 0
[2024-04-08 23:50:29]	PID 4492	Failed to read data from the TLS/SSL connection to buffer: Undefined error: 0
0070AF6F01000000:error:0A000126:SSL routines::unexpected eof while reading:ssl/record/rec_layer_s3.c:650:
uchat_server(4492,0x16faf7000) malloc: *** error for object 0x13a6042e0: pointer being freed was not allocated
uchat_server(4492,0x16faf7000) malloc: *** set a breakpoint in malloc_error_break to debug
[2024-04-08 23:50:29]	PID 4492	Failed to read data from the TLS/SSL connection to buffer: Undefined error: 0
[2024-04-08 23:50:33]	PID 4529	Deamon started with pid 4530: Undefined error: 0
[2024-04-08 23:51:07]	PID 4530	Failed to read data from the TLS/SSL connection to buffer: Undefined error: 0
0070496D01000000:error:0A000126:SSL routines::unexpected eof while reading:ssl/record/rec_layer_s3.c:650:
uchat_server(4530,0x16d497000) malloc: *** error for object 0x1291040d0: pointer being freed was not allocated
uchat_server(4530,0x16d497000) malloc: *** set a breakpoint in malloc_error_break to debug
[2024-04-08 23:51:07]	PID 4530	Failed to read data from the TLS/SSL connection to buffer: Undefined error: 0
[2024-04-08 23:51:11]	PID 4571	Deamon started with pid 4572: Undefined error: 0
[2024-04-08 23:51:49]	PID 4572	Failed to read data from the TLS/SSL connection to buffer: Undefined error: 0
0030176D01000000:error:0A000126:SSL routines::unexpected eof while reading:ssl/record/rec_layer_s3.c:650:
uchat_server(4572,0x16d173000) malloc: *** error for object 0x11ea040d0: pointer being freed was not allocated
uchat_server(4572,0x16d173000) malloc: *** set a breakpoint in malloc_error_break to debug
[2024-04-08 23:51:49]	PID 4572	Failed to read data from the TLS/SSL connection to buffer: Undefined error: 0
[2024-04-08 23:51:52]	PID 4620	Deamon started with pid 4621: Undefined error: 0
[2024-04-08 23:52:06]	PID 4621	Failed to read data from the TLS/SSL connection to buffer: Undefined error: 0
00F0496D01000000:error:0A000126:SSL routines::unexpected eof while reading:ssl/record/rec_layer_s3.c:650:
uchat_server(4621,0x16d49f000) malloc: *** error for object 0x1361040d0: pointer being freed was not allocated
uchat_server(4621,0x16d49f000) malloc: *** set a breakpoint in malloc_error_break to debug
[2024-04-08 23:52:06]	PID 4621	Failed to read data from the TLS/SSL connection to buffer: Undefined error: 0
[2024-04-08 23:52:14]	PID 4656	Deamon started with pid 4657: Undefined error: 0
[2024-04-08 23:57:26]	PID 4657	Failed to read data from the TLS/SSL connection to buffer: Undefined error: 0
00B0D86D01000000:error:0A000126:SSL routines::unexpected eof while reading:ssl/record/rec_layer_s3.c:650:
uchat_server(4657,0x16dd8b000) malloc: *** error for object 0x14ab04080: pointer being freed was not allocated
uchat_server(4657,0x16dd8b000) malloc: *** set a breakpoint in malloc_error_break to debug
[2024-04-08 23:57:26]	PID 4657	Failed to read data from the TLS/SSL connection to buffer: Undefined error: 0
[2024-04-09 11:16:52]	PID 15145	Deamon started with pid 15148: Undefined error: 0
[2024-04-09 11:20:46]	PID 15148	Failed to read data from the TLS/SSL connection to buffer: Undefined error: 0
00708E6D01000000:error:0A000126:SSL routines::unexpected eof while reading:ssl/record/rec_layer_s3.c:650:
uchat_server(15148,0x16d8e7000) malloc: *** error for object 0x1241040d0: pointer being freed was not allocated
uchat_server(15148,0x16d8e7000) malloc: *** set a breakpoint in malloc_error_break to debug
[2024-04-09 11:20:46]	PID 15148	Failed to read data from the TLS/SSL connection to buffer: Undefined error: 0
[2024-04-09 11:21:01]	PID 15260	Deamon started with pid 15261: Undefined error: 0
[2024-04-09 12:49:08]	PID 15261	Failed to read data from the TLS/SSL connection to buffer: Undefined error: 0
00704E6F01000000:error:0A000126:SSL routines::unexpected eof while reading:ssl/record/rec_layer_s3.c:650:
uchat_server(15261,0x16f4e7000) malloc: *** error for object 0x1249040b0: pointer being freed was not allocated
uchat_server(15261,0x16f4e7000) malloc: *** set a breakpoint in malloc_error_break to debug
[2024-04-09 12:49:08]	PID 15261	Failed to read data from the TLS/SSL connection to buffer: Undefined error: 0
[2024-04-09 12:49:20]	PID 16377	Deamon started with pid 16380: Undefined error: 0
[2024-04-09 13:15:15]	PID 16769	Deamon started with pid 16770: Undefined error: 0
[2024-04-09 13:15:15]	PID 16770	Couldn't bind socket: Address already in use
[2024-04-09 13:15:47]	PID 16806	Deamon started with pid 16807: Undefined error: 0
[2024-04-09 13:15:47]	PID 16807	Couldn't bind socket: Address already in use
[2024-04-09 13:29:35]	PID 17065	Deamon started with pid 17066: Undefined error: 0
[2024-04-09 13:29:35]	PID 17066	Couldn't bind socket: Address already in use
[2024-04-09 13:31:01]	PID 17102	Deamon started with pid 17103: Undefined error: 0
[2024-04-09 13:44:40]	PID 17103	Failed to read data from the TLS/SSL connection to buffer: Undefined error: 0
00B0A66B01000000:error:0A000126:SSL routines::unexpected eof while reading:ssl/record/rec_layer_s3.c:650:
uchat_server(17103,0x16ba6b000) malloc: *** error for object 0x1501040d0: pointer being freed was not allocated
uchat_server(17103,0x16ba6b000) malloc: *** set a breakpoint in malloc_error_break to debug
[2024-04-09 13:44:40]	PID 17103	Failed to read data from the TLS/SSL connection to buffer: Undefined error: 0
[2024-04-09 15:45:53]	PID 19205	Deamon started with pid 19207: Undefined error: 0
[2024-04-09 16:03:11]	PID 19207	Failed to read data from the TLS/SSL connection to buffer: Undefined error: 0
0070506B01000000:error:0A000126:SSL routines::unexpected eof while reading:ssl/record/rec_layer_s3.c:650:
uchat_server(19207,0x16b507000) malloc: *** error for object 0x13360b070: pointer being freed was not allocated
uchat_server(19207,0x16b507000) malloc: *** set a breakpoint in malloc_error_break to debug
[2024-04-09 16:03:11]	PID 19207	Failed to read data from the TLS/SSL connection to buffer: Undefined error: 0
[2024-04-09 16:03:16]	PID 19611	Deamon started with pid 19613: Undefined error: 0
[2024-04-09 16:08:48]	PID 19613	Failed to read data from the TLS/SSL connection to buffer: Undefined error: 0
00304E6B01000000:error:0A000126:SSL routines::unexpected eof while reading:ssl/record/rec_layer_s3.c:650:
uchat_server(19613,0x16b4e3000) malloc: *** error for object 0x1583040d0: pointer being freed was not allocated
uchat_server(19613,0x16b4e3000) malloc: *** set a breakpoint in malloc_error_break to debug
[2024-04-09 16:08:48]	PID 19613	Failed to read data from the TLS/SSL connection to buffer: Undefined error: 0
[2024-04-09 16:08:51]	PID 19716	Deamon started with pid 19717: Undefined error: 0
[2024-04-09 16:12:17]	PID 19717	Failed to read data from the TLS/SSL connection to buffer: Undefined error: 0
0030206B01000000:error:0A000126:SSL routines::unexpected eof while reading:ssl/record/rec_layer_s3.c:650:
uchat_server(19717,0x16b203000) malloc: *** error for object 0x1489040d0: pointer being freed was not allocated
uchat_server(19717,0x16b203000) malloc: *** set a breakpoint in malloc_error_break to debug
[2024-04-09 16:12:17]	PID 19717	Failed to read data from the TLS/SSL connection to buffer: Undefined error: 0
[2024-04-09 16:12:23]	PID 19795	Deamon started with pid 19796: Undefined error: 0
[2024-04-09 16:15:07]	PID 19796	Failed to read data from the TLS/SSL connection to buffer: Undefined error: 0
00306A6B01000000:error:0A000126:SSL routines::unexpected eof while reading:ssl/record/rec_layer_s3.c:650:
uchat_server(19796,0x16b6a3000) malloc: *** error for object 0x1253040d0: pointer being freed was not allocated
uchat_server(19796,0x16b6a3000) malloc: *** set a breakpoint in malloc_error_break to debug
[2024-04-09 16:15:07]	PID 19796	Failed to read data from the TLS/SSL connection to buffer: Undefined error: 0
[2024-04-09 16:15:10]	PID 19857	Deamon started with pid 19858: Undefined error: 0
[2024-04-09 16:16:15]	PID 19858	TEST!!!!: Undefined error: 0
uchat_server(19858,0x16be17000) malloc: *** error for object 0x145e16980: pointer being freed was not allocated
uchat_server(19858,0x16be17000) malloc: *** set a breakpoint in malloc_error_break to debug
[2024-04-09 16:16:15]	PID 19858	Failed to read data from the TLS/SSL connection to buffer: Undefined error: 0
[2024-04-09 16:16:18]	PID 19914	Deamon started with pid 19915: Undefined error: 0
[2024-04-09 16:18:10]	PID 19915	TEST!!!!: Undefined error: 0
uchat_server(19915,0x16d373000) malloc: *** error for object 0x1439040d0: pointer being freed was not allocated
uchat_server(19915,0x16d373000) malloc: *** set a breakpoint in malloc_error_break to debug
[2024-04-09 16:18:10]	PID 19915	Failed to read data from the TLS/SSL connection to buffer: Undefined error: 0
[2024-04-09 16:18:14]	PID 19983	Deamon started with pid 19984: Undefined error: 0
[2024-04-09 16:19:39]	PID 20013	Deamon started with pid 20014: Undefined error: 0
[2024-04-09 16:21:17]	PID 20014	Failed to read data from the TLS/SSL connection to buffer: Undefined error: 0
00706C6F01000000:error:0A000126:SSL routines::unexpected eof while reading:ssl/record/rec_layer_s3.c:650:
uchat_server(20014,0x16f6c7000) malloc: *** error for object 0x132e046d0: pointer being freed was not allocated
uchat_server(20014,0x16f6c7000) malloc: *** set a breakpoint in malloc_error_break to debug
[2024-04-09 16:21:17]	PID 20014	Failed to read data from the TLS/SSL connection to buffer: Undefined error: 0
[2024-04-09 16:46:53]	PID 20446	Deamon started with pid 20448: Undefined error: 0
[2024-04-09 16:53:11]	PID 20448	TEST!!!!: Undefined error: 0
uchat_server(20448,0x16ce9b000) malloc: *** error for object 0x1432040b0: pointer being freed was not allocated
uchat_server(20448,0x16ce9b000) malloc: *** set a breakpoint in malloc_error_break to debug
[2024-04-09 16:53:11]	PID 20448	Failed to read data from the TLS/SSL connection to buffer: Undefined error: 0
[2024-04-09 16:53:20]	PID 20621	Deamon started with pid 20624: Undefined error: 0
[2024-04-09 16:54:44]	PID 20692	Deamon started with pid 20693: Undefined error: 0
[2024-04-09 16:54:44]	PID 20693	Couldn't bind socket: Address already in use
[2024-04-09 16:55:10]	PID 20624	TEST!!!!: Undefined error: 0
uchat_server(20624,0x16b297000) malloc: *** error for object 0x14270e5e0: pointer being freed was not allocated
uchat_server(20624,0x16b297000) malloc: *** set a breakpoint in malloc_error_break to debug
[2024-04-09 16:55:10]	PID 20624	Failed to read data from the TLS/SSL connection to buffer: Undefined error: 0
[2024-04-09 17:01:38]	PID 20828	Deamon started with pid 20829: Undefined error: 0
[2024-04-09 17:02:31]	PID 20829	TEST!!!!: Undefined error: 0
uchat_server(20829,0x16b103000) malloc: *** error for object 0x134b04080: pointer being freed was not allocated
uchat_server(20829,0x16b103000) malloc: *** set a breakpoint in malloc_error_break to debug
[2024-04-09 17:02:31]	PID 20829	Failed to read data from the TLS/SSL connection to buffer: Undefined error: 0
[2024-04-09 17:02:35]	PID 20864	Deamon started with pid 20865: Undefined error: 0
[2024-04-09 17:02:38]	PID 20865	TEST!!!!: Undefined error: 0
uchat_server(20865,0x16f2c3000) malloc: *** error for object 0x12160d370: pointer being freed was not allocated
uchat_server(20865,0x16f2c3000) malloc: *** set a breakpoint in malloc_error_break to debug
[2024-04-09 17:02:38]	PID 20865	Failed to read data from the TLS/SSL connection to buffer: Undefined error: 0
[2024-04-09 17:03:08]	PID 20916	Deamon started with pid 20917: Undefined error: 0
[2024-04-09 17:03:11]	PID 20917	TEST!!!!: Undefined error: 0
uchat_server(20917,0x16d0a7000) malloc: *** error for object 0x14d004930: pointer being freed was not allocated
uchat_server(20917,0x16d0a7000) malloc: *** set a breakpoint in malloc_error_break to debug
[2024-04-09 17:03:11]	PID 20917	Failed to read data from the TLS/SSL connection to buffer: Undefined error: 0
[2024-04-09 17:03:38]	PID 20947	Deamon started with pid 20950: Undefined error: 0
[2024-04-09 17:03:41]	PID 20950	TEST!!!!: Undefined error: 0
uchat_server(20950,0x16f67f000) malloc: *** error for object 0x15a005830: pointer being freed was not allocated
uchat_server(20950,0x16f67f000) malloc: *** set a breakpoint in malloc_error_break to debug
[2024-04-09 17:03:41]	PID 20950	Failed to read data from the TLS/SSL connection to buffer: Undefined error: 0
[2024-04-09 17:04:15]	PID 20979	Deamon started with pid 20980: Undefined error: 0
[2024-04-09 17:04:17]	PID 20980	TEST!!!!: Undefined error: 0
uchat_server(20980,0x16d997000) malloc: *** error for object 0x1431071f0: pointer being freed was not allocated
uchat_server(20980,0x16d997000) malloc: *** set a breakpoint in malloc_error_break to debug
[2024-04-09 17:04:17]	PID 20980	Failed to read data from the TLS/SSL connection to buffer: Undefined error: 0
[2024-04-09 17:07:58]	PID 21068	Deamon started with pid 21069: Undefined error: 0
[2024-04-09 17:08:00]	PID 21069	TEST!!!!: Undefined error: 0
uchat_server(21069,0x16fbdb000) malloc: *** error for object 0x15874e5e0: pointer being freed was not allocated
uchat_server(21069,0x16fbdb000) malloc: *** set a breakpoint in malloc_error_break to debug
[2024-04-09 17:08:00]	PID 21069	Failed to read data from the TLS/SSL connection to buffer: Undefined error: 0
[2024-04-09 17:08:43]	PID 21122	Deamon started with pid 21123: Undefined error: 0
[2024-04-09 17:08:49]	PID 21123	TEST!!!!: Undefined error: 0
uchat_server(21123,0x16f353000) malloc: *** error for object 0x12a0040a0: pointer being freed was not allocated
uchat_server(21123,0x16f353000) malloc: *** set a breakpoint in malloc_error_break to debug
[2024-04-09 17:08:49]	PID 21123	Failed to read data from the TLS/SSL connection to buffer: Undefined error: 0
[2024-04-09 17:09:39]	PID 21163	Deamon started with pid 21164: Undefined error: 0
[2024-04-09 17:09:42]	PID 21164	TEST!!!!: Undefined error: 0
uchat_server(21164,0x16f0df000) malloc: *** error for object 0x125808090: pointer being freed was not allocated
uchat_server(21164,0x16f0df000) malloc: *** set a breakpoint in malloc_error_break to debug
[2024-04-09 17:09:42]	PID 21164	Failed to read data from the TLS/SSL connection to buffer: Undefined error: 0
[2024-04-09 17:55:15]	PID 22022	Deamon started with pid 22025: Undefined error: 0
[2024-04-09 17:55:19]	PID 22025	TEST!!!!: Undefined error: 0
uchat_server(22025,0x16fa3f000) malloc: *** error for object 0x12e607230: pointer being freed was not allocated
uchat_server(22025,0x16fa3f000) malloc: *** set a breakpoint in malloc_error_break to debug
[2024-04-09 17:55:19]	PID 22025	Failed to read data from the TLS/SSL connection to buffer: Undefined error: 0
[2024-04-09 17:55:48]	PID 22069	Deamon started with pid 22070: Undefined error: 0
[2024-04-09 17:55:51]	PID 22070	TEST!!!!: Undefined error: 0
uchat_server(22070,0x16cee3000) malloc: *** error for object 0x154e09430: pointer being freed was not allocated
uchat_server(22070,0x16cee3000) malloc: *** set a breakpoint in malloc_error_break to debug
[2024-04-09 17:55:51]	PID 22070	Failed to read data from the TLS/SSL connection to buffer: Undefined error: 0
[2024-04-09 17:56:39]	PID 22111	Deamon started with pid 22112: Undefined error: 0
[2024-04-09 17:57:21]	PID 22141	Deamon started with pid 22142: Undefined error: 0
[2024-04-09 17:58:07]	PID 22142	TEST!!!!: Undefined error: 0
uchat_server(22142,0x16d8a7000) malloc: *** error for object 0x11ef4ecc0: pointer being freed was not allocated
uchat_server(22142,0x16d8a7000) malloc: *** set a breakpoint in malloc_error_break to debug
[2024-04-09 17:58:07]	PID 22142	Failed to read data from the TLS/SSL connection to buffer: Undefined error: 0
[2024-04-09 18:00:06]	PID 22287	Deamon started with pid 22289: Undefined error: 0
[2024-04-09 18:00:14]	PID 22289	Failed to read data from the TLS/SSL connection to buffer: Undefined error: 0
00F0586B01000000:error:0A000126:SSL routines::unexpected eof while reading:ssl/record/rec_layer_s3.c:650:
uchat_server(22289,0x16b58f000) malloc: *** error for object 0x156739ca0: pointer being freed was not allocated
uchat_server(22289,0x16b58f000) malloc: *** set a breakpoint in malloc_error_break to debug
[2024-04-09 18:00:14]	PID 22289	Failed to read data from the TLS/SSL connection to buffer: Undefined error: 0
[2024-04-09 18:00:24]	PID 22319	Deamon started with pid 22320: Undefined error: 0
[2024-04-09 18:01:28]	PID 22320	Failed to read data from the TLS/SSL connection to buffer: Undefined error: 0
00F0666B01000000:error:0A000126:SSL routines::unexpected eof while reading:ssl/record/rec_layer_s3.c:650:
uchat_server(22320,0x16b66f000) malloc: *** error for object 0x153004270: pointer being freed was not allocated
uchat_server(22320,0x16b66f000) malloc: *** set a breakpoint in malloc_error_break to debug
[2024-04-09 18:01:28]	PID 22320	Failed to read data from the TLS/SSL connection to buffer: Undefined error: 0
[2024-04-09 18:07:15]	PID 22450	Deamon started with pid 22451: Undefined error: 0
[2024-04-09 18:07:17]	PID 22451	Trying to read data from client: Undefined error: 0
uchat_server(22451,0x16be03000) malloc: *** error for object 0x1422040b0: pointer being freed was not allocated
uchat_server(22451,0x16be03000) malloc: *** set a breakpoint in malloc_error_break to debug
[2024-04-09 18:07:17]	PID 22451	client data received: Undefined error: 0
[2024-04-09 18:15:32]	PID 22560	Deamon started with pid 22561: Undefined error: 0
[2024-04-09 18:15:42]	PID 22561	Trying to read data from client: Undefined error: 0
uchat_server(22561,0x16d5a3000) malloc: *** error for object 0x12f904080: pointer being freed was not allocated
uchat_server(22561,0x16d5a3000) malloc: *** set a breakpoint in malloc_error_break to debug
[2024-04-09 18:15:42]	PID 22561	client data received: Undefined error: 0
[2024-04-09 18:19:09]	PID 22618	Deamon started with pid 22619: Undefined error: 0
[2024-04-09 18:19:10]	PID 22619	Trying to read data from client: Undefined error: 0
uchat_server(22619,0x16bd1b000) malloc: *** error for object 0x14d104080: pointer being freed was not allocated
uchat_server(22619,0x16bd1b000) malloc: *** set a breakpoint in malloc_error_break to debug
[2024-04-09 18:19:10]	PID 22619	client data received: Undefined error: 0
[2024-04-09 18:19:29]	PID 22651	Deamon started with pid 22652: Undefined error: 0
[2024-04-09 18:19:32]	PID 22652	Trying to read data from client: Undefined error: 0
uchat_server(22652,0x16bb3f000) malloc: *** error for object 0x124104080: pointer being freed was not allocated
uchat_server(22652,0x16bb3f000) malloc: *** set a breakpoint in malloc_error_break to debug
[2024-04-09 18:19:32]	PID 22652	client data received: Undefined error: 0
[2024-04-09 18:19:54]	PID 22677	Deamon started with pid 22678: Undefined error: 0
[2024-04-09 18:19:56]	PID 22678	Trying to read data from client: Undefined error: 0
uchat_server(22678,0x16fc77000) malloc: *** error for object 0x12df5b2f0: pointer being freed was not allocated
uchat_server(22678,0x16fc77000) malloc: *** set a breakpoint in malloc_error_break to debug
[2024-04-09 18:19:56]	PID 22678	client data received: Undefined error: 0
[2024-04-09 18:21:29]	PID 22729	Deamon started with pid 22731: Undefined error: 0
[2024-04-09 18:21:31]	PID 22731	Trying to read data from client: Undefined error: 0
uchat_server(22731,0x16d5a7000) malloc: *** error for object 0x14760d540: pointer being freed was not allocated
uchat_server(22731,0x16d5a7000) malloc: *** set a breakpoint in malloc_error_break to debug
[2024-04-09 18:21:31]	PID 22731	client data received: Undefined error: 0
[2024-04-09 18:32:47]	PID 23002	Deamon started with pid 23004: Undefined error: 0
[2024-04-09 18:33:10]	PID 23004	Trying to read data from client: Undefined error: 0
uchat_server(23004,0x16d497000) malloc: *** error for object 0x129f059c0: pointer being freed was not allocated
uchat_server(23004,0x16d497000) malloc: *** set a breakpoint in malloc_error_break to debug
[2024-04-09 18:33:10]	PID 23004	client data received: Undefined error: 0
[2024-04-09 18:33:34]	PID 23058	Deamon started with pid 23059: Undefined error: 0
[2024-04-09 18:33:37]	PID 23059	Trying to read data from client: Undefined error: 0
uchat_server(23059,0x16b5e7000) malloc: *** error for object 0x14a04c5c0: pointer being freed was not allocated
uchat_server(23059,0x16b5e7000) malloc: *** set a breakpoint in malloc_error_break to debug
[2024-04-09 18:33:37]	PID 23059	client data received: Undefined error: 0
[2024-04-09 18:36:04]	PID 23107	Deamon started with pid 23108: Undefined error: 0
[2024-04-09 18:36:09]	PID 23108	Trying to read data from client: Undefined error: 0
uchat_server(23108,0x16cf9b000) malloc: *** error for object 0x121606330: pointer being freed was not allocated
uchat_server(23108,0x16cf9b000) malloc: *** set a breakpoint in malloc_error_break to debug
[2024-04-09 18:36:09]	PID 23108	client data received: Undefined error: 0
[2024-04-09 18:56:46]	PID 23488	Deamon started with pid 23490: Undefined error: 0
[2024-04-09 18:56:57]	PID 23490	Trying to read data from client: Undefined error: 0
uchat_server(23490,0x16afbb000) malloc: *** error for object 0x13671f5b0: pointer being freed was not allocated
uchat_server(23490,0x16afbb000) malloc: *** set a breakpoint in malloc_error_break to debug
[2024-04-09 18:56:57]	PID 23490	client data received: Undefined error: 0
[2024-04-09 19:01:42]	PID 23612	Deamon started with pid 23613: Undefined error: 0
[2024-04-09 19:01:58]	PID 23613	Trying to read data from client: Undefined error: 0
uchat_server(23613,0x16f7bf000) malloc: *** error for object 0x129904340: pointer being freed was not allocated
uchat_server(23613,0x16f7bf000) malloc: *** set a breakpoint in malloc_error_break to debug
[2024-04-09 19:01:58]	PID 23613	client data received: Undefined error: 0
[2024-04-09 19:02:28]	PID 23651	Deamon started with pid 23652: Undefined error: 0
[2024-04-09 19:02:31]	PID 23652	ACCEPT!!!!!
: Undefined error: 0
[2024-04-09 19:02:31]	PID 23652	Trying to read data from client: Undefined error: 0
uchat_server(23652,0x16b2b7000) malloc: *** error for object 0x149e06d10: pointer being freed was not allocated
uchat_server(23652,0x16b2b7000) malloc: *** set a breakpoint in malloc_error_break to debug
[2024-04-09 19:02:31]	PID 23652	client data received: Undefined error: 0
[2024-04-09 19:04:50]	PID 23715	Deamon started with pid 23716: Undefined error: 0
[2024-04-09 19:04:53]	PID 23716	ACCEPT!!!!!
: Undefined error: 0
[2024-04-09 19:04:53]	PID 23716	Trying to read data from client
: Undefined error: 0
uchat_server(23716,0x16d9df000) malloc: *** error for object 0x153f58230: pointer being freed was not allocated
uchat_server(23716,0x16d9df000) malloc: *** set a breakpoint in malloc_error_break to debug
[2024-04-09 19:04:53]	PID 23716	client data received
: Undefined error: 0
[2024-04-09 19:06:39]	PID 23802	Deamon started with pid 23803: Undefined error: 0
[2024-04-09 19:06:44]	PID 23803	ACCEPT!!!!!
: Undefined error: 0
uchat_server(23803,0x201f63ac0) malloc: *** error for object 0x125004370: pointer being freed was not allocated
uchat_server(23803,0x201f63ac0) malloc: *** set a breakpoint in malloc_error_break to debug
[2024-04-09 19:06:44]	PID 23803	Trying to read data from client
: Undefined error: 0
[2024-04-09 19:06:44]	PID 23803	MAIN!!!
: Undefined error: 0
[2024-04-09 19:08:19]	PID 23851	Deamon started with pid 23852: Undefined error: 0
[2024-04-09 19:08:23]	PID 23852	ACCEPT!!!!!
: Undefined error: 0
uchat_server(23852,0x201f63ac0) malloc: *** error for object 0x13260b680: pointer being freed was not allocated
[2024-04-09 19:08:23]	PID 23852	Trying to read data from client
: Undefined error: 0
uchat_server(23852,0x201f63ac0) malloc: *** set a breakpoint in malloc_error_break to debug
[2024-04-09 19:08:23]	PID 23852	MAIN!!!
: Undefined error: 0
[2024-04-09 19:11:04]	PID 23894	Deamon started with pid 23895: Undefined error: 0
[2024-04-09 19:11:09]	PID 23895	ACCEPT!!!!!
: Undefined error: 0
uchat_server(23895,0x201f63ac0) malloc: *** error for object 0x159e0b1b0: pointer being freed was not allocated
uchat_server(23895,0x201f63ac0) malloc: *** set a breakpoint in malloc_error_break to debug
[2024-04-09 19:11:09]	PID 23895	Trying to read data from client
: Undefined error: 0
[2024-04-09 19:11:09]	PID 23895	MAIN!!!
: Undefined error: 0
[2024-04-09 19:18:41]	PID 23991	Deamon started with pid 23992: Undefined error: 0
[2024-04-09 19:18:44]	PID 23992	ACCEPT!!!!!
: Undefined error: 0
uchat_server(23992,0x201f63ac0) malloc: *** error for object 0x137f57dc0: pointer being freed was not allocated
uchat_server(23992,0x201f63ac0) malloc: *** set a breakpoint in malloc_error_break to debug
[2024-04-09 19:18:44]	PID 23992	Trying to read data from client
: Undefined error: 0
[2024-04-09 19:18:44]	PID 23992	MAIN!!!
: Undefined error: 0
[2024-04-09 19:19:53]	PID 24028	Deamon started with pid 24029: Undefined error: 0
[2024-04-09 19:19:56]	PID 24029	ACCEPT!!!!!
: Undefined error: 0
uchat_server(24029,0x201f63ac0) malloc: *** error for object 0x11ee0df60: pointer being freed was not allocated
[2024-04-09 19:19:56]	PID 24029	Trying to read data from client
: Undefined error: 0
uchat_server(24029,0x201f63ac0) malloc: *** set a breakpoint in malloc_error_break to debug
[2024-04-09 19:19:56]	PID 24029	MAIN!!!
: Undefined error: 0
uchat_server(24029,0x16ba83000) malloc: *** error for object 0x11ee0df60: pointer being freed was not allocated
[2024-04-09 20:20:25]	PID 24726	Deamon started with pid 24728: Undefined error: 0
[2024-04-09 20:20:27]	PID 24728	ACCEPT!!!!!
: Undefined error: 0
uchat_server(24728,0x201f63ac0) malloc: *** error for object 0x11df3cfa0: pointer being freed was not allocated
uchat_server(24728,0x201f63ac0) malloc: *** set a breakpoint in malloc_error_break to debug
[2024-04-09 20:20:27]	PID 24728	Trying to read data from client
: Undefined error: 0
[2024-04-09 20:20:27]	PID 24728	MAIN!!!
: Undefined error: 0
[2024-04-09 20:22:20]	PID 24774	Deamon started with pid 24775: Undefined error: 0
[2024-04-09 20:22:22]	PID 24775	ACCEPT!!!!!
: Undefined error: 0
uchat_server(24775,0x201f63ac0) malloc: *** error for object 0x1578271e0: pointer being freed was not allocated
uchat_server(24775,0x201f63ac0) malloc: *** set a breakpoint in malloc_error_break to debug
[2024-04-09 20:22:22]	PID 24775	Trying to read data from client
: Undefined error: 0
[2024-04-09 20:22:22]	PID 24775	MAIN!!!
: Undefined error: 0
[2024-04-09 20:28:30]	PID 24958	Deamon started with pid 24959: Undefined error: 0
[2024-04-09 20:35:48]	PID 25085	Deamon started with pid 25086: Undefined error: 0
[2024-04-09 20:35:48]	PID 25086	Couldn't bind socket: Address already in use
[2024-04-09 20:36:35]	PID 25131	Deamon started with pid 25132: Undefined error: 0
[2024-04-09 20:36:35]	PID 25132	Couldn't bind socket: Address already in use
[2024-04-09 20:36:38]	PID 24959	ACCEPT!!!!!
: Undefined error: 0
uchat_server(24959,0x201f63ac0) malloc: *** error for object 0x14ff4ed30: pointer being freed was not allocated
uchat_server(24959,0x201f63ac0) malloc: *** set a breakpoint in malloc_error_break to debug
[2024-04-09 20:36:38]	PID 24959	Trying to read data from client
: Undefined error: 0
[2024-04-09 20:36:38]	PID 24959	MAIN!!!
: Undefined error: 0
[2024-04-09 20:37:27]	PID 25171	Deamon started with pid 25172: Undefined error: 0
[2024-04-09 20:37:30]	PID 25172	ACCEPT!!!!!
: Undefined error: 0
uchat_server(25172,0x201f63ac0) malloc: *** error for object 0x14de4e840: pointer being freed was not allocated
uchat_server(25172,0x201f63ac0) malloc: *** set a breakpoint in malloc_error_break to debug
[2024-04-09 20:37:30]	PID 25172	Trying to read data from client
: Undefined error: 0
[2024-04-09 20:37:30]	PID 25172	MAIN!!!
: Undefined error: 0
[2024-04-09 20:50:12]	PID 25308	Deamon started with pid 25309: Undefined error: 0
[2024-04-09 20:50:13]	PID 25309	ACCEPT!!!!!
: Undefined error: 0
uchat_server(25309,0x201f63ac0) malloc: *** error for object 0x139e412c0: pointer being freed was not allocated
uchat_server(25309,0x201f63ac0) malloc: *** set a breakpoint in malloc_error_break to debug
[2024-04-09 20:50:13]	PID 25309	Trying to read data from client
: Undefined error: 0
[2024-04-09 20:50:13]	PID 25309	MAIN!!!
: Undefined error: 0
[2024-04-09 21:04:14]	PID 25481	Deamon started with pid 25483: Undefined error: 0
[2024-04-09 21:04:36]	PID 25483	ACCEPT!!!!!
: Undefined error: 0
uchat_server(25483,0x201f63ac0) malloc: *** error for object 0x143750020: pointer being freed was not allocated
uchat_server(25483,0x201f63ac0) malloc: *** set a breakpoint in malloc_error_break to debug
[2024-04-09 21:04:36]	PID 25483	Trying to read data from client
: Undefined error: 0
[2024-04-09 21:04:36]	PID 25483	MAIN!!!
: Undefined error: 0
[2024-04-09 21:05:01]	PID 25537	Deamon started with pid 25538: Undefined error: 0
[2024-04-09 21:05:04]	PID 25538	ACCEPT!!!!!
: Undefined error: 0
uchat_server(25538,0x201f63ac0) malloc: *** error for object 0x14fe50870: pointer being freed was not allocated
uchat_server(25538,0x201f63ac0) malloc: *** set a breakpoint in malloc_error_break to debug
[2024-04-09 21:05:04]	PID 25538	Trying to read data from client
: Undefined error: 0
[2024-04-09 21:05:04]	PID 25538	MAIN!!!
: Undefined error: 0
[2024-04-09 21:05:33]	PID 25562	Deamon started with pid 25563: Undefined error: 0
[2024-04-09 21:05:36]	PID 25563	ACCEPT!!!!!
: Undefined error: 0
uchat_server(25563,0x201f63ac0) malloc: *** error for object 0x128905130: pointer being freed was not allocated
uchat_server(25563,0x201f63ac0) malloc: *** set a breakpoint in malloc_error_break to debug
[2024-04-09 21:05:36]	PID 25563	MAIN!!!
: Undefined error: 0
[2024-04-09 21:05:36]	PID 25563	Trying to read data from client
: Undefined error: 0
[2024-04-09 21:08:18]	PID 25605	Deamon started with pid 25606: Undefined error: 0
[2024-04-09 21:23:44]	PID 25793	Deamon started with pid 25795: Undefined error: 0
[2024-04-09 21:23:44]	PID 25795	Couldn't bind socket: Address already in use
[2024-04-09 21:23:59]	PID 25606	ACCEPT!!!!!
: Undefined error: 0
uchat_server(25606,0x201f63ac0) malloc: *** error for object 0x12e611490: pointer being freed was not allocated
[2024-04-09 21:23:59]	PID 25606	Trying to read data from client
: Undefined error: 0
uchat_server(25606,0x201f63ac0) malloc: *** set a breakpoint in malloc_error_break to debug
[2024-04-09 21:23:59]	PID 25606	MAIN!!!
: Undefined error: 0
[2024-04-09 21:24:15]	PID 25834	Deamon started with pid 25835: Undefined error: 0
[2024-04-09 21:24:21]	PID 25835	ACCEPT!!!!!
: Undefined error: 0
uchat_server(25835,0x201f63ac0) malloc: *** error for object 0x157e52510: pointer being freed was not allocated
uchat_server(25835,0x201f63ac0) malloc: *** set a breakpoint in malloc_error_break to debug
[2024-04-09 21:24:21]	PID 25835	MAIN!!!
: Undefined error: 0
[2024-04-09 22:32:14]	PID 27032	Deamon started with pid 27034: Undefined error: 0
[2024-04-09 22:32:47]	PID 27034	ACCEPT!!!!!	: Undefined error: 0
uchat_server(27034,0x201f63ac0) malloc: *** error for object 0x14ee12430: pointer being freed was not allocated
uchat_server(27034,0x201f63ac0) malloc: *** set a breakpoint in malloc_error_break to debug
[2024-04-09 22:32:47]	PID 27034	Trying to read data from client
: Undefined error: 0
[2024-04-09 22:32:47]	PID 27034	MAIN!!!	: Undefined error: 0
[2024-04-09 22:33:37]	PID 27090	Deamon started with pid 27091: Undefined error: 0
[2024-04-09 22:33:57]	PID 27091	ACCEPT!!!!!	: Undefined error: 0
uchat_server(27091,0x201f63ac0) malloc: *** error for object 0x12e0117e0: pointer being freed was not allocated
[2024-04-09 22:33:57]	PID 27091	Trying to read data from client
: Undefined error: 0
uchat_server(27091,0x201f63ac0) malloc: *** set a breakpoint in malloc_error_break to debug
[2024-04-09 22:33:57]	PID 27091	MAIN!!!	: Undefined error: 0
[2024-04-09 22:36:33]	PID 27141	Deamon started with pid 27142: Undefined error: 0
[2024-04-09 22:36:40]	PID 27142	ACCEPT!!!!!	: Undefined error: 0
uchat_server(27142,0x201f63ac0) malloc: *** error for object 0x13df0aaa0: pointer being freed was not allocated
uchat_server(27142,0x201f63ac0) malloc: *** set a breakpoint in malloc_error_break to debug
[2024-04-09 22:36:40]	PID 27142	Trying to read data from client
: Undefined error: 0
[2024-04-09 22:36:40]	PID 27142	MAIN!!!	: Undefined error: 0
[2024-04-09 22:39:31]	PID 27189	Deamon started with pid 27190: Undefined error: 0
[2024-04-09 22:39:34]	PID 27190	ACCEPT!!!!!	: Undefined error: 0
uchat_server(27190,0x201f63ac0) malloc: *** error for object 0x140f54330: pointer being freed was not allocated
uchat_server(27190,0x201f63ac0) malloc: *** set a breakpoint in malloc_error_break to debug
[2024-04-09 22:39:34]	PID 27190	Trying to read data from client
: Undefined error: 0
[2024-04-09 22:39:34]	PID 27190	MAIN!!!	: Undefined error: 0
[2024-04-09 22:39:34]	PID 27190	1client data received
: Undefined error: 0
[2024-04-09 22:39:46]	PID 27217	Deamon started with pid 27218: Undefined error: 0
[2024-04-09 22:39:55]	PID 27218	ACCEPT!!!!!	: Undefined error: 0
uchat_server(27218,0x201f63ac0) malloc: *** error for object 0x11e014ec0: pointer being freed was not allocated
[2024-04-09 22:39:55]	PID 27218	Trying to read data from client
: Undefined error: 0
uchat_server(27218,0x201f63ac0) malloc: *** set a breakpoint in malloc_error_break to debug
[2024-04-09 22:39:55]	PID 27218	MAIN!!!	: Undefined error: 0
[2024-04-09 22:44:37]	PID 27289	Deamon started with pid 27290: Undefined error: 0
[2024-04-09 22:44:49]	PID 27290	ACCEPT!!!!!	: Undefined error: 0
uchat_server(27290,0x201f63ac0) malloc: *** error for object 0x15c00a990: pointer being freed was not allocated
[2024-04-09 22:44:49]	PID 27290	Trying to read data from client
: Undefined error: 0
uchat_server(27290,0x201f63ac0) malloc: *** set a breakpoint in malloc_error_break to debug
[2024-04-09 22:44:49]	PID 27290	MAIN!!!	: Undefined error: 0
uchat_server(27290,0x16fb83000) malloc: *** error for object 0x15c00a990: pointer being freed was not allocated
[2024-04-09 22:48:35]	PID 27383	Deamon started with pid 27384: Undefined error: 0
[2024-04-09 22:48:39]	PID 27384	ACCEPT!!!!!	: Undefined error: 0
uchat_server(27384,0x201f63ac0) malloc: *** error for object 0x14805c0d0: pointer being freed was not allocated
uchat_server(27384,0x201f63ac0) malloc: *** set a breakpoint in malloc_error_break to debug
[2024-04-09 22:48:39]	PID 27384	Trying to read data from client
: Undefined error: 0
[2024-04-09 22:48:39]	PID 27384	MAIN!!!	: Undefined error: 0
[2024-04-09 22:57:07]	PID 27540	Deamon started with pid 27542: Undefined error: 0
[2024-04-09 22:57:11]	PID 27542	ACCEPT!!!!!	: Undefined error: 0
uchat_server(27542,0x201f63ac0) malloc: *** error for object 0x13cf49300: pointer being freed was not allocated
uchat_server(27542,0x201f63ac0) malloc: *** set a breakpoint in malloc_error_break to debug
[2024-04-09 22:57:11]	PID 27542	Trying to read data from client
: Undefined error: 0
[2024-04-09 22:57:11]	PID 27542	MAIN!!!	: Undefined error: 0
[2024-04-09 22:57:22]	PID 27574	Deamon started with pid 27575: Undefined error: 0
[2024-04-09 22:57:31]	PID 27575	ACCEPT!!!!!	: Undefined error: 0
uchat_server(27575,0x201f63ac0) malloc: *** error for object 0x14e806e90: pointer being freed was not allocated
uchat_server(27575,0x201f63ac0) malloc: *** set a breakpoint in malloc_error_break to debug
[2024-04-09 22:57:31]	PID 27575	Trying to read data from client
: Undefined error: 0
[2024-04-09 22:57:31]	PID 27575	MAIN!!!	: Undefined error: 0
[2024-04-09 22:58:49]	PID 27612	Deamon started with pid 27613: Undefined error: 0
[2024-04-09 22:58:52]	PID 27613	ACCEPT!!!!!	: Undefined error: 0
uchat_server(27613,0x201f63ac0) malloc: *** error for object 0x126605a40: pointer being freed was not allocated
uchat_server(27613,0x201f63ac0) malloc: *** set a breakpoint in malloc_error_break to debug
[2024-04-09 22:58:52]	PID 27613	Trying to read data from client --- : Undefined error: 0
[2024-04-09 22:58:52]	PID 27613	MAIN!!!	: Undefined error: 0
[2024-04-09 22:59:37]	PID 27647	Deamon started with pid 27648: Undefined error: 0
[2024-04-09 22:59:48]	PID 27648	ACCEPT!!!!!	: Undefined error: 0
uchat_server(27648,0x201f63ac0) malloc: *** error for object 0x15a75aa60: pointer being freed was not allocated
uchat_server(27648,0x201f63ac0) malloc: *** set a breakpoint in malloc_error_break to debug
[2024-04-09 22:59:48]	PID 27648	Trying to read data from client --- : Undefined error: 0
[2024-04-09 22:59:48]	PID 27648	MAIN!!!	: Undefined error: 0
[2024-04-10 11:06:03]	PID 35111	Deamon started with pid 35114: Undefined error: 0
[2024-04-10 11:06:05]	PID 35114	ACCEPT!!!!!	: Undefined error: 0
uchat_server(35114,0x201f63ac0) malloc: *** error for object 0x14d70eca0: pointer being freed was not allocated
uchat_server(35114,0x201f63ac0) malloc: *** set a breakpoint in malloc_error_break to debug
[2024-04-10 11:06:05]	PID 35114	Trying to read data from client --- : Undefined error: 0
[2024-04-10 11:06:05]	PID 35114	MAIN!!!	: Undefined error: 0
[2024-04-10 11:06:55]	PID 35154	Deamon started with pid 35155: Undefined error: 0
[2024-04-10 11:07:01]	PID 35155	ACCEPT!!!!!	: Undefined error: 0
uchat_server(35155,0x201f63ac0) malloc: *** error for object 0x14f81cf50: pointer being freed was not allocated
uchat_server(35155,0x201f63ac0) malloc: *** set a breakpoint in malloc_error_break to debug
[2024-04-10 11:07:01]	PID 35155	Trying to read data from client --- : Undefined error: 0
[2024-04-10 11:07:01]	PID 35155	MAIN!!!	: Undefined error: 0
[2024-04-10 11:12:48]	PID 35253	Deamon started with pid 35254: Undefined error: 0
[2024-04-10 11:12:51]	PID 35254	ACCEPT!!!!!	: Undefined error: 0
uchat_server(35254,0x201f63ac0) malloc: *** error for object 0x144f4ec10: pointer being freed was not allocated
uchat_server(35254,0x201f63ac0) malloc: *** set a breakpoint in malloc_error_break to debug
[2024-04-10 11:12:51]	PID 35254	Trying to read data from client --- : Undefined error: 0
[2024-04-10 11:12:51]	PID 35254	MAIN!!!	: Undefined error: 0
uchat_server(35254,0x16d193000) malloc: *** error for object 0x144f4ec10: pointer being freed was not allocated
[2024-04-10 11:13:40]	PID 35298	Deamon started with pid 35299: Undefined error: 0
[2024-04-10 11:14:09]	PID 35299	ACCEPT!!!!!	: Undefined error: 0
uchat_server(35299,0x201f63ac0) malloc: *** error for object 0x12d004460: pointer being freed was not allocated
[2024-04-10 11:14:09]	PID 35299	Trying to read data from client --- : Undefined error: 0
uchat_server(35299,0x201f63ac0) malloc: *** set a breakpoint in malloc_error_break to debug
[2024-04-10 11:14:09]	PID 35299	MAIN!!!	: Undefined error: 0
[2024-04-10 11:14:28]	PID 35345	Deamon started with pid 35346: Undefined error: 0
[2024-04-10 11:16:02]	PID 35346	ACCEPT!!!!!	: Undefined error: 0
uchat_server(35346,0x201f63ac0) malloc: *** error for object 0x12b128100: pointer being freed was not allocated
uchat_server(35346,0x201f63ac0) malloc: *** set a breakpoint in malloc_error_break to debug
[2024-04-10 11:16:02]	PID 35346	Trying to read data from client --- : Undefined error: 0
[2024-04-10 11:16:02]	PID 35346	MAIN!!!	: Undefined error: 0
[2024-04-10 11:19:27]	PID 35436	Deamon started with pid 35437: Undefined error: 0
[2024-04-10 11:19:36]	PID 35437	ACCEPT!!!!!	: Undefined error: 0
uchat_server(35437,0x201f63ac0) malloc: *** error for object 0x130204650: pointer being freed was not allocated
uchat_server(35437,0x201f63ac0) malloc: *** set a breakpoint in malloc_error_break to debug
[2024-04-10 11:19:36]	PID 35437	MAIN!!!	: Undefined error: 0
[2024-04-10 11:19:36]	PID 35437	Trying to read data from client --- : Undefined error: 0
[2024-04-10 11:20:07]	PID 35470	Deamon started with pid 35471: Undefined error: 0
[2024-04-10 11:20:11]	PID 35471	ACCEPT!!!!!	: Undefined error: 0
uchat_server(35471,0x201f63ac0) malloc: *** error for object 0x121e07070: pointer being freed was not allocated
uchat_server(35471,0x201f63ac0) malloc: *** set a breakpoint in malloc_error_break to debug
[2024-04-10 11:20:11]	PID 35471	Trying to read data from client --- : Undefined error: 0
[2024-04-10 11:20:11]	PID 35471	MAIN!!!	: Undefined error: 0
[2024-04-10 11:24:52]	PID 35538	Deamon started with pid 35539: Undefined error: 0
[2024-04-10 11:25:02]	PID 35539	ACCEPT!!!!!	: Undefined error: 0
[2024-04-10 11:25:02]	PID 35539	MAIN!!!	: Undefined error: 0
[2024-01-00 00:00:00]	PID 35539	Trying to read data from client --- : Undefined error: 0
[2024-04-10 11:25:38]	PID 35574	Deamon started with pid 35575: Undefined error: 0
[2024-04-10 11:26:21]	PID 35575	ACCEPT!!!!!	: Undefined error: 0
uchat_server(35575,0x201f63ac0) malloc: *** error for object 0x13a0424c0: pointer being freed was not allocated
uchat_server(35575,0x201f63ac0) malloc: *** set a breakpoint in malloc_error_break to debug
[2024-04-10 11:26:21]	PID 35575	MAIN!!!	: Undefined error: 0
[2024-04-10 11:26:21]	PID 35575	Trying to read data from client --- : Undefined error: 0
[2024-04-10 11:27:01]	PID 35609	Deamon started with pid 35610: Undefined error: 0
[2024-04-10 11:27:40]	PID 35610	ACCEPT!!!!!	: Undefined error: 0
uchat_server(35610,0x201f63ac0) malloc: *** error for object 0x15a904500: pointer being freed was not allocated
[2024-04-10 11:27:40]	PID 35610	Trying to read data from client --- : Undefined error: 0
uchat_server(35610,0x201f63ac0) malloc: *** set a breakpoint in malloc_error_break to debug
[2024-04-10 11:27:40]	PID 35610	MAIN!!!	: Undefined error: 0
[2024-04-10 11:29:17]	PID 35661	Deamon started with pid 35662: Undefined error: 0
[2024-04-10 11:29:26]	PID 35662	ACCEPT!!!!!	: Undefined error: 0
uchat_server(35662,0x201f63ac0) malloc: *** error for object 0x142804510: pointer being freed was not allocated
uchat_server(35662,0x201f63ac0) malloc: *** set a breakpoint in malloc_error_break to debug
[2024-04-10 11:29:26]	PID 35662	Trying to read data from client --- : Undefined error: 0
[2024-04-10 11:29:26]	PID 35662	MAIN!!!	: Undefined error: 0
[2024-04-10 11:30:15]	PID 35701	Deamon started with pid 35702: Undefined error: 0
[2024-04-10 11:30:27]	PID 35702	ACCEPT!!!!!	: Undefined error: 0
[2024-04-10 11:30:27]	PID 35702	MAIN!!!	: Undefined error: 0
[2024-04-10 11:30:27]	PID 35702	Trying to read data from client --- : Undefined error: 0
[2024-04-10 11:30:27]	PID 35702	SSL_get_error(ssl, bytes_read) == [0]
bytes_read = [93]: Undefined error: 0
[2024-04-10 11:30:27]	PID 35702	STEP2
: Undefined error: 0
[2024-04-10 11:30:27]	PID 35702	Trying to read data from client --- : Undefined error: 0
[2024-04-10 11:30:27]	PID 35702	SSL_get_error(ssl, bytes_read) == [5]
bytes_read = [-1]: Connection reset by peer
[2024-04-10 11:30:27]	PID 35702	STEP1
: Connection reset by peer
[2024-04-10 11:30:27]	PID 35702	SERVER: Failed to read data from the TLS/SSL connection to buffer: Connection reset by peer
[2024-04-10 11:30:27]	PID 35702	Trying to read data from client --- : Connection reset by peer
[2024-04-10 11:31:01]	PID 35758	Deamon started with pid 35760: Undefined error: 0
[2024-04-10 11:31:20]	PID 35760	ACCEPT!!!!!	: Undefined error: 0
[2024-04-10 11:31:20]	PID 35760	MAIN!!!	: Undefined error: 0
[2024-04-10 11:31:20]	PID 35760	Trying to read data from client --- : Undefined error: 0
[2024-04-10 11:31:20]	PID 35760	SSL_get_error(ssl, bytes_read) == [0]
bytes_read = [8]: Undefined error: 0
[2024-04-10 11:31:20]	PID 35760	STEP2
: Undefined error: 0
[2024-04-10 11:31:20]	PID 35760	Trying to read data from client --- : Undefined error: 0
[2024-04-10 11:31:20]	PID 35760	SSL_get_error(ssl, bytes_read) == [0]
bytes_read = [8]: Undefined error: 0
[2024-04-10 11:31:20]	PID 35760	STEP2
: Undefined error: 0
[2024-04-10 11:31:20]	PID 35760	Trying to read data from client --- : Undefined error: 0
[2024-04-10 11:31:20]	PID 35760	SSL_get_error(ssl, bytes_read) == [0]
bytes_read = [8]: Undefined error: 0
[2024-04-10 11:31:20]	PID 35760	STEP2
: Undefined error: 0
[2024-04-10 11:31:20]	PID 35760	Trying to read data from client --- : Undefined error: 0
[2024-04-10 11:31:20]	PID 35760	SSL_get_error(ssl, bytes_read) == [0]
bytes_read = [8]: Undefined error: 0
[2024-04-10 11:31:20]	PID 35760	STEP2
: Undefined error: 0
[2024-04-10 11:31:20]	PID 35760	Trying to read data from client --- : Undefined error: 0
[2024-04-10 11:31:20]	PID 35760	SSL_get_error(ssl, bytes_read) == [0]
bytes_read = [8]: Undefined error: 0
[2024-04-10 11:31:20]	PID 35760	STEP2
: Undefined error: 0
[2024-04-10 11:31:20]	PID 35760	Trying to read data from client --- : Undefined error: 0
[2024-04-10 11:31:20]	PID 35760	SSL_get_error(ssl, bytes_read) == [0]
bytes_read = [8]: Undefined error: 0
[2024-04-10 11:31:20]	PID 35760	STEP2
: Undefined error: 0
[2024-04-10 11:31:20]	PID 35760	Trying to read data from client --- : Undefined error: 0
[2024-04-10 11:31:20]	PID 35760	SSL_get_error(ssl, bytes_read) == [0]
bytes_read = [8]: Undefined error: 0
[2024-04-10 11:31:20]	PID 35760	STEP2
: Undefined error: 0
[2024-04-10 11:31:20]	PID 35760	Trying to read data from client --- : Undefined error: 0
[2024-04-10 11:31:20]	PID 35760	SSL_get_error(ssl, bytes_read) == [0]
bytes_read = [8]: Undefined error: 0
[2024-04-10 11:31:20]	PID 35760	STEP2
: Undefined error: 0
[2024-04-10 11:31:20]	PID 35760	Trying to read data from client --- : Undefined error: 0
[2024-04-10 11:31:20]	PID 35760	SSL_get_error(ssl, bytes_read) == [0]
bytes_read = [8]: Undefined error: 0
[2024-04-10 11:31:20]	PID 35760	STEP2
: Undefined error: 0
[2024-04-10 11:31:20]	PID 35760	Trying to read data from client --- : Undefined error: 0
[2024-04-10 11:31:20]	PID 35760	SSL_get_error(ssl, bytes_read) == [0]
bytes_read = [8]: Undefined error: 0
[2024-04-10 11:31:20]	PID 35760	STEP2
: Undefined error: 0
[2024-04-10 11:31:20]	PID 35760	Trying to read data from client --- : Undefined error: 0
[2024-04-10 11:31:20]	PID 35760	SSL_get_error(ssl, bytes_read) == [0]
bytes_read = [8]: Undefined error: 0
[2024-04-10 11:31:20]	PID 35760	STEP2
: Undefined error: 0
[2024-04-10 11:31:20]	PID 35760	Trying to read data from client --- : Undefined error: 0
[2024-04-10 11:31:20]	PID 35760	SSL_get_error(ssl, bytes_read) == [0]
bytes_read = [5]: Undefined error: 0
[2024-04-10 11:31:20]	PID 35760	STEP2
: Undefined error: 0
[2024-04-10 11:31:20]	PID 35760	Trying to read data from client --- : Undefined error: 0
[2024-04-10 11:31:20]	PID 35760	SSL_get_error(ssl, bytes_read) == [5]
bytes_read = [-1]: Connection reset by peer
[2024-04-10 11:31:20]	PID 35760	STEP1
: Connection reset by peer
[2024-04-10 11:31:20]	PID 35760	SERVER: Failed to read data from the TLS/SSL connection to buffer: Connection reset by peer
[2024-04-10 11:31:20]	PID 35760	Trying to read data from client --- : Connection reset by peer
[2024-04-10 11:32:15]	PID 35836	Deamon started with pid 35837: Undefined error: 0
[2024-04-10 11:32:36]	PID 35837	ACCEPT!!!!!	: Undefined error: 0
[2024-04-10 11:32:36]	PID 35837	MAIN!!!	: Undefined error: 0
[2024-04-10 11:32:36]	PID 35837	Trying to read data from client --- : Undefined error: 0
[2024-04-10 11:32:36]	PID 35837	SSL_get_error(ssl, bytes_read) == [0]
bytes_read = [8]: Undefined error: 0
[2024-04-10 11:32:36]	PID 35837	STEP2
: Undefined error: 0
[2024-04-10 11:32:36]	PID 35837	Trying to read data from client --- : Undefined error: 0
[2024-04-10 11:32:36]	PID 35837	SSL_get_error(ssl, bytes_read) == [0]
bytes_read = [8]: Undefined error: 0
[2024-04-10 11:32:36]	PID 35837	STEP2
: Undefined error: 0
[2024-04-10 11:32:36]	PID 35837	Trying to read data from client --- : Undefined error: 0
[2024-04-10 11:32:36]	PID 35837	SSL_get_error(ssl, bytes_read) == [0]
bytes_read = [8]: Undefined error: 0
[2024-04-10 11:32:36]	PID 35837	STEP2
: Undefined error: 0
[2024-04-10 11:32:36]	PID 35837	Trying to read data from client --- : Undefined error: 0
[2024-04-10 11:32:36]	PID 35837	SSL_get_error(ssl, bytes_read) == [0]
bytes_read = [8]: Undefined error: 0
[2024-04-10 11:32:36]	PID 35837	STEP2
: Undefined error: 0
[2024-04-10 11:32:36]	PID 35837	Trying to read data from client --- : Undefined error: 0
[2024-04-10 11:32:36]	PID 35837	SSL_get_error(ssl, bytes_read) == [0]
bytes_read = [8]: Undefined error: 0
[2024-04-10 11:32:36]	PID 35837	STEP2
: Undefined error: 0
[2024-04-10 11:32:36]	PID 35837	Trying to read data from client --- : Undefined error: 0
[2024-04-10 11:32:36]	PID 35837	SSL_get_error(ssl, bytes_read) == [0]
bytes_read = [8]: Undefined error: 0
[2024-04-10 11:32:36]	PID 35837	STEP2
: Undefined error: 0
[2024-04-10 11:32:36]	PID 35837	Trying to read data from client --- : Undefined error: 0
[2024-04-10 11:32:36]	PID 35837	SSL_get_error(ssl, bytes_read) == [0]
bytes_read = [8]: Undefined error: 0
[2024-04-10 11:32:36]	PID 35837	STEP2
: Undefined error: 0
[2024-04-10 11:32:36]	PID 35837	Trying to read data from client --- : Undefined error: 0
[2024-04-10 11:32:36]	PID 35837	SSL_get_error(ssl, bytes_read) == [0]
bytes_read = [8]: Undefined error: 0
[2024-04-10 11:32:36]	PID 35837	STEP2
: Undefined error: 0
[2024-04-10 11:32:36]	PID 35837	Trying to read data from client --- : Undefined error: 0
[2024-04-10 11:32:36]	PID 35837	SSL_get_error(ssl, bytes_read) == [0]
bytes_read = [8]: Undefined error: 0
[2024-04-10 11:32:36]	PID 35837	STEP2
: Undefined error: 0
[2024-04-10 11:32:36]	PID 35837	Trying to read data from client --- : Undefined error: 0
[2024-04-10 11:32:36]	PID 35837	SSL_get_error(ssl, bytes_read) == [0]
bytes_read = [8]: Undefined error: 0
[2024-04-10 11:32:36]	PID 35837	STEP2
: Undefined error: 0
[2024-04-10 11:32:36]	PID 35837	Trying to read data from client --- : Undefined error: 0
[2024-04-10 11:32:36]	PID 35837	SSL_get_error(ssl, bytes_read) == [0]
bytes_read = [8]: Undefined error: 0
[2024-04-10 11:32:36]	PID 35837	STEP2
: Undefined error: 0
[2024-04-10 11:32:36]	PID 35837	Trying to read data from client --- : Undefined error: 0
[2024-04-10 11:32:36]	PID 35837	SSL_get_error(ssl, bytes_read) == [0]
bytes_read = [5]: Undefined error: 0
[2024-04-10 11:32:36]	PID 35837	STEP2
: Undefined error: 0
[2024-04-10 11:32:36]	PID 35837	Trying to read data from client --- : Undefined error: 0
[2024-04-10 11:32:36]	PID 35837	SSL_get_error(ssl, bytes_read) == [5]
bytes_read = [-1]: Connection reset by peer
[2024-04-10 11:32:36]	PID 35837	STEP1
: Connection reset by peer
[2024-04-10 11:32:36]	PID 35837	SERVER: Failed to read data from the TLS/SSL connection to buffer: Connection reset by peer
[2024-04-10 11:32:36]	PID 35837	Trying to read data from client --- : Connection reset by peer
