[2024-03-15 16:43:20]	PID 5316	Couldn't bind socket: Address already in use
[2024-03-15 16:44:34]	PID 5350	Couldn't bind socket: Address already in use
[2024-03-15 16:44:35]	PID 5360	Couldn't bind socket: Address already in use
[2024-03-15 16:44:36]	PID 5370	Couldn't bind socket: Address already in use
[2024-03-15 16:44:37]	PID 5380	Couldn't bind socket: Address already in use
[2024-03-15 16:44:37]	PID 5390	Couldn't bind socket: Address already in use
[2024-03-15 16:44:40]	PID 5402	Couldn't bind socket: Address already in use
[2024-03-26 18:11:17]	PID 78436	Couldn't bind socket: Address already in use

[2024-03-26 18:24:33]	PID 78735	Unable to create SSL context: : Invalid argument
C0FAE40102000000:error:0A0000C4:SSL routines:SSL_CTX_new_ex:null ssl method passed:ssl/ssl_lib.c:3860:
[2024-03-26 18:25:20]	PID 78753	Unable to create SSL context: Invalid argument
C0FAE40102000000:error:0A0000C4:SSL routines:SSL_CTX_new_ex:null ssl method passed:ssl/ssl_lib.c:3860:
[2024-03-26 18:27:21]	PID 78794	Unable to create SSL context: Invalid argument
C0FAE40102000000:error:0A0000C4:SSL routines:SSL_CTX_new_ex:null ssl method passed:ssl/ssl_lib.c:3860:
[2024-03-26 18:30:55]	PID 78848	Unable to create SSL context: Invalid argument
C0FAE40102000000:error:0A0000C4:SSL routines:SSL_CTX_new_ex:null ssl method passed:ssl/ssl_lib.c:3860:
[2024-04-08 16:07:40]	PID 89708	Failed to read data from the TLS/SSL connection to buffer: Connection reset by peer
[2024-04-08 16:10:00]	PID 90196	Failed to read data from the TLS/SSL connection to buffer: Connection reset by peer
[2024-04-08 17:22:20]	PID 91776	Deamon started with pid 91778
: Undefined error: 0
[2024-04-08 17:24:01]	PID 91820	Deamon started with pid 91821: Undefined error: 0
[2024-04-08 17:24:01]	PID 91821	Couldn't bind socket: Address already in use
[2024-04-08 17:24:37]	PID 91875	Deamon started with pid 91876: Undefined error: 0
[2024-04-08 17:25:19]	PID 91876	Failed to read data from the TLS/SSL connection to buffer: Connection reset by peer
[2024-04-08 18:51:47]	PID 98628	Deamon started with pid 98630: Undefined error: 0
[2024-04-08 18:52:59]	PID 98684	Deamon started with pid 98688: Undefined error: 0
[2024-04-08 18:53:43]	PID 98711	Deamon started with pid 98712: Undefined error: 0
[2024-04-08 18:54:44]	PID 98712	Failed to read data from the TLS/SSL connection to buffer: Connection reset by peer
[2024-04-08 21:21:25]	PID 1201	Deamon started with pid 1204: Undefined error: 0
[2024-04-08 22:14:16]	PID 1204	Failed to read data from the TLS/SSL connection to buffer: Connection reset by peer
[2024-04-08 22:15:47]	PID 2231	Deamon started with pid 2232: Undefined error: 0
[2024-04-08 22:15:57]	PID 2232	Failed to read data from the TLS/SSL connection to buffer: Connection reset by peer
[2024-04-08 22:20:54]	PID 2350	Deamon started with pid 2351: Undefined error: 0
[2024-04-08 22:21:03]	PID 2351	Failed to read data from the TLS/SSL connection to buffer: Connection reset by peer
[2024-04-08 22:21:37]	PID 2393	Deamon started with pid 2394: Undefined error: 0
[2024-04-08 22:21:41]	PID 2394	Failed to read data from the TLS/SSL connection to buffer: Connection reset by peer
[2024-04-08 22:23:05]	PID 2458	Deamon started with pid 2459: Undefined error: 0
[2024-04-08 22:23:08]	PID 2459	Failed to read data from the TLS/SSL connection to buffer: Connection reset by peer
[2024-04-08 22:29:21]	PID 2704	Deamon started with pid 2705: Undefined error: 0
[2024-04-08 22:29:25]	PID 2705	Failed to read data from the TLS/SSL connection to buffer: Connection reset by peer
[2024-04-08 22:31:37]	PID 2751	Deamon started with pid 2752: Undefined error: 0
[2024-04-08 22:31:39]	PID 2752	Failed to read data from the TLS/SSL connection to buffer: Connection reset by peer
[2024-04-08 22:32:12]	PID 2798	Deamon started with pid 2799: Undefined error: 0
[2024-04-08 22:32:16]	PID 2799	Failed to read data from the TLS/SSL connection to buffer: Connection reset by peer
[2024-04-08 22:33:43]	PID 2836	Deamon started with pid 2837: Undefined error: 0
[2024-04-08 22:33:46]	PID 2837	Failed to read data from the TLS/SSL connection to buffer: Connection reset by peer
